<?xml version="1.0" encoding="UTF-8"?>
<!-- Generated by org.testng.reporters.JUnitXMLReporter -->
<testsuite ignored="7" hostname="DESKTOP-SSF70G1" failures="0" tests="4" name="Test2" time="0.024" errors="0" timestamp="2024-08-05T12:41:21 IST">
  <testcase classname="com.Amokart.kidsproducttest.KidsProducttest1" name="addProduct" time="0.002"/>
  <testcase classname="com.Amokart.kidsproducttest.KidsProducttest1" name="addProduct" time="0.003"/>
  <testcase classname="com.Amokart.kidsproducttest.KidsProducttest2" name="addProduct" time="0.002"/>
  <testcase classname="com.Amokart.kidsproducttest.KidsProducttest2" name="addProduct" time="0.002"/>
  <testcase classname="com.Amokart.kidsproducttest.KidsProducttest1" name="deleteProduct" time="0.0">
    <ignored/>
  </testcase> <!-- deleteProduct -->
  <testcase classname="com.Amokart.kidsproducttest.KidsProducttest3" name="addProduct" time="0.0">
    <ignored/>
  </testcase> <!-- addProduct -->
  <testcase classname="com.Amokart.kidsproducttest.KidsProducttest3" name="updateProduct" time="0.0">
    <ignored/>
  </testcase> <!-- updateProduct -->
  <testcase classname="com.Amokart.kidsproducttest.KidsProducttest2" name="updateProduct" time="0.0">
    <ignored/>
  </testcase> <!-- updateProduct -->
  <testcase classname="com.Amokart.kidsproducttest.KidsProducttest2" name="deleteProduct" time="0.0">
    <ignored/>
  </testcase> <!-- deleteProduct -->
  <testcase classname="com.Amokart.kidsproducttest.KidsProducttest1" name="updateProduct" time="0.0">
    <ignored/>
  </testcase> <!-- updateProduct -->
  <testcase classname="com.Amokart.kidsproducttest.KidsProducttest3" name="deleteProduct" time="0.0">
    <ignored/>
  </testcase> <!-- deleteProduct -->
</testsuite> <!-- Test2 -->
