<?xml version="1.0" encoding="UTF-8"?>
<!-- Generated by org.testng.reporters.JUnitXMLReporter -->
<testsuite ignored="21" hostname="DESKTOP-SSF70G1" failures="0" tests="11" name="Test1" time="0.103" errors="0" timestamp="2024-08-05T12:41:21 IST">
  <testcase classname="com.Amokart.kidsproducttest.KidsProducttest1" name="addProduct" time="0.01"/>
  <testcase classname="com.Amokart.kidsproducttest.KidsProducttest1" name="addProduct" time="0.001"/>
  <testcase classname="com.Amokart.kidsproducttest.KidsProducttest2" name="addProduct" time="0.002"/>
  <testcase classname="com.Amokart.kidsproducttest.KidsProducttest2" name="addProduct" time="0.002"/>
  <testcase classname="com.Amokart.kidsproducttest.KidsProducttest4" name="addProduct" time="0.006"/>
  <testcase classname="com.Amokart.kidsproducttest.KidsProducttest5" name="addProduct" time="0.001"/>
  <testcase classname="com.Amokart.kidsproducttest.KidsProducttest6" name="addProduct" time="0.001"/>
  <testcase classname="com.Amokart.kidsproducttest.KidsProducttest7" name="addProduct" time="0.0"/>
  <testcase classname="com.Amokart.kidsproducttest.KidsProducttest8" name="addProduct" time="0.001"/>
  <testcase classname="com.Amokart.kidsproducttest.KidsProducttest9" name="addProduct" time="0.002"/>
  <testcase classname="com.Amokart.kidsproducttest.KidsProducttest10" name="addProduct" time="0.001"/>
  <testcase classname="com.Amokart.kidsproducttest.KidsProducttest4" name="updateProduct" time="0.0">
    <ignored/>
  </testcase> <!-- updateProduct -->
  <testcase classname="com.Amokart.kidsproducttest.KidsProducttest7" name="updateProduct" time="0.0">
    <ignored/>
  </testcase> <!-- updateProduct -->
  <testcase classname="com.Amokart.kidsproducttest.KidsProducttest6" name="updateProduct" time="0.0">
    <ignored/>
  </testcase> <!-- updateProduct -->
  <testcase classname="com.Amokart.kidsproducttest.KidsProducttest9" name="updateProduct" time="0.0">
    <ignored/>
  </testcase> <!-- updateProduct -->
  <testcase classname="com.Amokart.kidsproducttest.KidsProducttest3" name="addProduct" time="0.0">
    <ignored/>
  </testcase> <!-- addProduct -->
  <testcase classname="com.Amokart.kidsproducttest.KidsProducttest3" name="updateProduct" time="0.0">
    <ignored/>
  </testcase> <!-- updateProduct -->
  <testcase classname="com.Amokart.kidsproducttest.KidsProducttest2" name="updateProduct" time="0.0">
    <ignored/>
  </testcase> <!-- updateProduct -->
  <testcase classname="com.Amokart.kidsproducttest.KidsProducttest10" name="updateProduct" time="0.0">
    <ignored/>
  </testcase> <!-- updateProduct -->
  <testcase classname="com.Amokart.kidsproducttest.KidsProducttest5" name="updateProduct" time="0.0">
    <ignored/>
  </testcase> <!-- updateProduct -->
  <testcase classname="com.Amokart.kidsproducttest.KidsProducttest1" name="updateProduct" time="0.0">
    <ignored/>
  </testcase> <!-- updateProduct -->
  <testcase classname="com.Amokart.kidsproducttest.KidsProducttest8" name="updateProduct" time="0.0">
    <ignored/>
  </testcase> <!-- updateProduct -->
  <testcase classname="com.Amokart.kidsproducttest.KidsProducttest1" name="deleteProduct" time="0.0">
    <ignored/>
  </testcase> <!-- deleteProduct -->
  <testcase classname="com.Amokart.kidsproducttest.KidsProducttest6" name="deleteProduct" time="0.0">
    <ignored/>
  </testcase> <!-- deleteProduct -->
  <testcase classname="com.Amokart.kidsproducttest.KidsProducttest8" name="deleteProduct" time="0.0">
    <ignored/>
  </testcase> <!-- deleteProduct -->
  <testcase classname="com.Amokart.kidsproducttest.KidsProducttest7" name="deleteProduct" time="0.0">
    <ignored/>
  </testcase> <!-- deleteProduct -->
  <testcase classname="com.Amokart.kidsproducttest.KidsProducttest2" name="deleteProduct" time="0.0">
    <ignored/>
  </testcase> <!-- deleteProduct -->
  <testcase classname="com.Amokart.kidsproducttest.KidsProducttest9" name="deleteProduct" time="0.0">
    <ignored/>
  </testcase> <!-- deleteProduct -->
  <testcase classname="com.Amokart.kidsproducttest.KidsProducttest4" name="deleteProduct" time="0.0">
    <ignored/>
  </testcase> <!-- deleteProduct -->
  <testcase classname="com.Amokart.kidsproducttest.KidsProducttest3" name="deleteProduct" time="0.0">
    <ignored/>
  </testcase> <!-- deleteProduct -->
  <testcase classname="com.Amokart.kidsproducttest.KidsProducttest10" name="deleteProduct" time="0.0">
    <ignored/>
  </testcase> <!-- deleteProduct -->
  <testcase classname="com.Amokart.kidsproducttest.KidsProducttest5" name="deleteProduct" time="0.0">
    <ignored/>
  </testcase> <!-- deleteProduct -->
</testsuite> <!-- Test1 -->
