<?xml version="1.0" encoding="UTF-8"?>
<!-- Generated by org.testng.reporters.JUnitXMLReporter -->
<testsuite ignored="6" hostname="DESKTOP-SSF70G1" failures="0" tests="3" name="Test3" time="0.012" errors="0" timestamp="2024-08-05T12:41:21 IST">
  <testcase classname="com.Amokart.kidsproducttest.KidsProducttest4" name="addProduct" time="0.002"/>
  <testcase classname="com.Amokart.kidsproducttest.KidsProducttest5" name="addProduct" time="0.001"/>
  <testcase classname="com.Amokart.kidsproducttest.KidsProducttest6" name="addProduct" time="0.002"/>
  <testcase classname="com.Amokart.kidsproducttest.KidsProducttest4" name="updateProduct" time="0.0">
    <ignored/>
  </testcase> <!-- updateProduct -->
  <testcase classname="com.Amokart.kidsproducttest.KidsProducttest6" name="updateProduct" time="0.0">
    <ignored/>
  </testcase> <!-- updateProduct -->
  <testcase classname="com.Amokart.kidsproducttest.KidsProducttest6" name="deleteProduct" time="0.0">
    <ignored/>
  </testcase> <!-- deleteProduct -->
  <testcase classname="com.Amokart.kidsproducttest.KidsProducttest5" name="updateProduct" time="0.0">
    <ignored/>
  </testcase> <!-- updateProduct -->
  <testcase classname="com.Amokart.kidsproducttest.KidsProducttest4" name="deleteProduct" time="0.0">
    <ignored/>
  </testcase> <!-- deleteProduct -->
  <testcase classname="com.Amokart.kidsproducttest.KidsProducttest5" name="deleteProduct" time="0.0">
    <ignored/>
  </testcase> <!-- deleteProduct -->
</testsuite> <!-- Test3 -->
