<?xml version="1.0" encoding="UTF-8"?>
<!-- Generated by org.testng.reporters.JUnitXMLReporter -->
<testsuite ignored="1" hostname="DESKTOP-SSF70G1" failures="0" tests="3" name="Test" time="39.484" errors="0" timestamp="2024-08-08T11:07:23 IST">
  <testcase classname="com.Amokart.registertest.RegisterTest" name="createUser_invalidData" time="12.497"/>
  <testcase classname="com.Amokart.registertest.RegisterTest" name="createUser_invalidData" time="12.469"/>
  <testcase classname="com.Amokart.registertest.RegisterTest" name="createUser_invalidData" time="12.514"/>
  <testcase classname="com.Amokart.registertest.RegisterTest" name="createUser_validData" time="0.0">
    <ignored/>
  </testcase> <!-- createUser_validData -->
</testsuite> <!-- Test -->
