<?xml version="1.0" encoding="UTF-8"?>
<!-- Generated by org.testng.reporters.JUnitXMLReporter -->
<testsuite ignored="8" hostname="DESKTOP-SSF70G1" failures="0" tests="4" name="Test4" time="0.029" errors="0" timestamp="2024-08-05T12:41:21 IST">
  <testcase classname="com.Amokart.kidsproducttest.KidsProducttest7" name="addProduct" time="0.002"/>
  <testcase classname="com.Amokart.kidsproducttest.KidsProducttest8" name="addProduct" time="0.001"/>
  <testcase classname="com.Amokart.kidsproducttest.KidsProducttest9" name="addProduct" time="0.001"/>
  <testcase classname="com.Amokart.kidsproducttest.KidsProducttest10" name="addProduct" time="0.007"/>
  <testcase classname="com.Amokart.kidsproducttest.KidsProducttest7" name="updateProduct" time="0.0">
    <ignored/>
  </testcase> <!-- updateProduct -->
  <testcase classname="com.Amokart.kidsproducttest.KidsProducttest9" name="updateProduct" time="0.0">
    <ignored/>
  </testcase> <!-- updateProduct -->
  <testcase classname="com.Amokart.kidsproducttest.KidsProducttest10" name="updateProduct" time="0.0">
    <ignored/>
  </testcase> <!-- updateProduct -->
  <testcase classname="com.Amokart.kidsproducttest.KidsProducttest8" name="deleteProduct" time="0.0">
    <ignored/>
  </testcase> <!-- deleteProduct -->
  <testcase classname="com.Amokart.kidsproducttest.KidsProducttest7" name="deleteProduct" time="0.0">
    <ignored/>
  </testcase> <!-- deleteProduct -->
  <testcase classname="com.Amokart.kidsproducttest.KidsProducttest9" name="deleteProduct" time="0.0">
    <ignored/>
  </testcase> <!-- deleteProduct -->
  <testcase classname="com.Amokart.kidsproducttest.KidsProducttest8" name="updateProduct" time="0.0">
    <ignored/>
  </testcase> <!-- updateProduct -->
  <testcase classname="com.Amokart.kidsproducttest.KidsProducttest10" name="deleteProduct" time="0.0">
    <ignored/>
  </testcase> <!-- deleteProduct -->
</testsuite> <!-- Test4 -->
